<?xml version="1.0" encoding="UTF-8"?>
<!-- Generated by org.testng.reporters.JUnitReportReporter -->
<testsuite hostname="DESKTOP-NU2GF19" failures="0" tests="3" name="com.cjc.dws.webapp.tests.DWSTests" time="52.404" errors="0" timestamp="01 Mar 2023 12:56:17 GMT" skipped="0">
  <testcase classname="com.cjc.dws.webapp.tests.DWSTests" name="register" time="13.532"/>
  <testcase classname="com.cjc.dws.webapp.tests.DWSTests" name="login" time="14.624"/>
  <testcase classname="com.cjc.dws.webapp.tests.DWSTests" name="addToCart" time="24.248"/>
</testsuite> <!-- com.cjc.dws.webapp.tests.DWSTests -->
